<?xml version="1.0" encoding="UTF-8"?>
<testsuite xmlns:xsi="http://www.w3.org/2001/XMLSchema-instance" xsi:noNamespaceSchemaLocation="https://maven.apache.org/surefire/maven-surefire-plugin/xsd/surefire-test-report.xsd" version="3.0.1" name="at.fhj.msd.EmailValidatorTest" time="0.111" tests="2" errors="2" skipped="0" failures="0">
  <properties>
[...]
</properties>
  <testcase name="ungültigeAdresse" classname="at.fhj.msd.EmailValidatorTest" time="0.049">
    <error message="Unresolved compilation problem: &#10;	isValid cannot be resolved&#10;" type="java.lang.Error"><![CDATA[java.lang.Error: 
Unresolved compilation problem: 
	isValid cannot be resolved

	at at.fhj.msd.EmailValidatorTest.ungültigeAdresse(EmailValidatorTest.java:25)
	at java.base/java.lang.reflect.Method.invoke(Method.java:580)
	at java.base/java.util.ArrayList.forEach(ArrayList.java:1597)
	at java.base/java.util.ArrayList.forEach(ArrayList.java:1597)
]]></error>
  </testcase>
  <testcase name="gueltigeAdresse" classname="at.fhj.msd.EmailValidatorTest" time="0.005">
    <error message="Unresolved compilation problem: &#10;	isValid cannot be resolved&#10;" type="java.lang.Error"><![CDATA[java.lang.Error: 
Unresolved compilation problem: 
	isValid cannot be resolved

	at at.fhj.msd.EmailValidatorTest.gueltigeAdresse(EmailValidatorTest.java:20)
	at java.base/java.lang.reflect.Method.invoke(Method.java:580)
	at java.base/java.util.ArrayList.forEach(ArrayList.java:1597)
	at java.base/java.util.ArrayList.forEach(ArrayList.java:1597)
]]></error>
  </testcase>
</testsuite>